2021-09-15 12:36:00: Expanded 'file:///%GSDISK%/Users/Admin/Desktop/notebook_table_data' to 'file:///C:/Users/Admin/Desktop/notebook_table_data'
2021-09-15 12:36:02: -- 分析开始 On File Change First Full Analyze Upon Folder Connect
2021-09-15 12:36:08: 变更：16， 冲突：0， 复制时间：0， 复制状态：0， 错误： 0, All: 22
2021-09-15 12:36:08: Left to Right: Copy File: 16 
2021-09-15 12:36:08: == 同步开始由 On File Change First Full Analyze Upon Folder Connect
2021-09-15 12:36:08: 创建文件夹 msgraph://graph.microsoft.com/:drive:910be7654abbbbd2/notebook_table_data/js_backup
2021-09-15 12:36:14: 覆盖复制 'C:/Users/Admin/Desktop/notebook_table_data/jquery.ajax-cross-origin.min.js' -> 'msgraph://graph.microsoft.com/:drive:910be7654abbbbd2/notebook_table_data/jquery.ajax-cross-origin.min.js' (1,516)
2021-09-15 12:36:14: 覆盖复制 'C:/Users/Admin/Desktop/notebook_table_data/browser_language_check.html' -> 'msgraph://graph.microsoft.com/:drive:910be7654abbbbd2/notebook_table_data/browser_language_check.html' (148)
2021-09-15 12:36:14: 覆盖复制 'C:/Users/Admin/Desktop/notebook_table_data/github upload.bat' -> 'msgraph://graph.microsoft.com/:drive:910be7654abbbbd2/notebook_table_data/github upload.bat' (530)
2021-09-15 12:36:16: 新建复制 'C:/Users/Admin/Desktop/notebook_table_data/js_backup/jquery-2.2.4.min.js' -> 'msgraph://graph.microsoft.com/:drive:910be7654abbbbd2/notebook_table_data/js_backup/jquery-2.2.4.min.js' (85,582)
2021-09-15 12:36:16: 新建复制 'C:/Users/Admin/Desktop/notebook_table_data/js_backup/jquery.dataTables.min.css' -> 'msgraph://graph.microsoft.com/:drive:910be7654abbbbd2/notebook_table_data/js_backup/jquery.dataTables.min.css' (13,588)
2021-09-15 12:36:17: 新建复制 'C:/Users/Admin/Desktop/notebook_table_data/js_backup/jquery.dataTables.min.js' -> 'msgraph://graph.microsoft.com/:drive:910be7654abbbbd2/notebook_table_data/js_backup/jquery.dataTables.min.js' (82,804)
2021-09-15 12:36:18: 新建复制 'C:/Users/Admin/Desktop/notebook_table_data/js_backup/select2-spinner.gif' -> 'msgraph://graph.microsoft.com/:drive:910be7654abbbbd2/notebook_table_data/js_backup/select2-spinner.gif' (1,849)
2021-09-15 12:36:19: 新建复制 'C:/Users/Admin/Desktop/notebook_table_data/js_backup/select2.css' -> 'msgraph://graph.microsoft.com/:drive:910be7654abbbbd2/notebook_table_data/js_backup/select2.css' (20,158)
2021-09-15 12:36:19: 新建复制 'C:/Users/Admin/Desktop/notebook_table_data/js_backup/jquery.dataTables.yadcf.js' -> 'msgraph://graph.microsoft.com/:drive:910be7654abbbbd2/notebook_table_data/js_backup/jquery.dataTables.yadcf.js' (206,473)
2021-09-15 12:36:20: 新建复制 'C:/Users/Admin/Desktop/notebook_table_data/js_backup/select2.js' -> 'msgraph://graph.microsoft.com/:drive:910be7654abbbbd2/notebook_table_data/js_backup/select2.js' (150,762)
2021-09-15 12:36:23: 覆盖复制 'C:/Users/Admin/Desktop/notebook_table_data/README.md' -> 'msgraph://graph.microsoft.com/:drive:910be7654abbbbd2/notebook_table_data/README.md' (1,187)
2021-09-15 12:36:23: 覆盖复制 'C:/Users/Admin/Desktop/notebook_table_data/Notebook Information quick write.html' -> 'msgraph://graph.microsoft.com/:drive:910be7654abbbbd2/notebook_table_data/Notebook Information quick write.html' (11,026)
2021-09-15 12:36:24: 覆盖复制 'C:/Users/Admin/Desktop/notebook_table_data/table_en.json' -> 'msgraph://graph.microsoft.com/:drive:910be7654abbbbd2/notebook_table_data/table_en.json' (54,514)
2021-09-15 12:36:27: 覆盖复制 'C:/Users/Admin/Desktop/notebook_table_data/table_zh.json' -> 'msgraph://graph.microsoft.com/:drive:910be7654abbbbd2/notebook_table_data/table_zh.json' (3,785)
2021-09-15 12:36:27: 覆盖复制 'C:/Users/Admin/Desktop/notebook_table_data/test.json' -> 'msgraph://graph.microsoft.com/:drive:910be7654abbbbd2/notebook_table_data/test.json' (1,374)
2021-09-15 12:36:30: == 同步完成. 历时: 00:00:28, 速度: 42.63 KB/s, 完成: 16, 错误: 0
